2024-05-02T19:45:13.239Z [owner-service] error: deleteRoomDetailByRoomId -> $OWNER_ID=[6] : No room given id found
2024-05-02T19:46:40.919Z [owner-service] error: ownerLogout -> $OWNER_ID=[6] : cannot remove owner refreshtoken
2024-05-02T19:46:48.211Z [owner-service] error: ownerLogout -> $OWNER_ID=[6] : cannot remove owner refreshtoken
2024-05-02T19:49:27.064Z [owner-service] error: ownerLogout -> $OWNER_ID=[6] : cannot remove owner refreshtoken

2024-05-06T09:37:59.907Z [owner-service] error: ownerLogin -> $OWNER_EMAIL=[wrongemail@gmail.com] : Invalid owner email
2024-05-06T09:38:00.088Z [owner-service] error: ownerLogin -> $OWNER_EMAIL=[hotel1@gmail.com] : Invalid owner credentials
2024-05-06T09:38:00.121Z [owner-service] error:  updateOwnerDetail-> $USER_ID=[15] : unauthorized access
2024-05-06T09:38:00.166Z [owner-service] error:  updateOwnerDetail-> $USER_ID=[15] : unauthorized access
2024-05-06T09:38:00.309Z [owner-service] error: addNewHotelDetail -> $OWNER_ID=[15] : Couldnot add new hotel in database 
2024-05-06T09:38:00.371Z [owner-service] error: updateHotelDetail -> $OWNER_ID=[15] : Couldnot  update hotel in database
2024-05-06T09:38:00.429Z [owner-service] error: getHotelDetailByOwnerId -> $OWNER_ID=[15] : Couldnot fetch hotel detail from database
2024-05-06T09:38:00.503Z [owner-service] error: deleteRoomDetailByRoomId -> $OWNER_ID=[15] : No room given id found
2024-05-06T09:38:00.560Z [owner-service] error: updateRoomDetailByRoomId -> $OWNER_ID=[15] : Couldnot update room in database
2024-05-06T09:40:20.356Z [owner-service] error: ownerLogin -> $OWNER_EMAIL=[wrongemail@gmail.com] : Invalid owner email
2024-05-06T09:40:20.655Z [owner-service] error: ownerLogin -> $OWNER_EMAIL=[hotel1@gmail.com] : Invalid owner credentials
2024-05-06T09:40:20.696Z [owner-service] error:  updateOwnerDetail-> $USER_ID=[15] : unauthorized access
2024-05-06T09:40:20.730Z [owner-service] error:  updateOwnerDetail-> $USER_ID=[15] : unauthorized access
2024-05-06T09:40:20.806Z [owner-service] error: addNewHotelDetail -> $OWNER_ID=[15] : Couldnot add new hotel in database 
2024-05-06T09:40:20.874Z [owner-service] error: updateHotelDetail -> $OWNER_ID=[15] : Couldnot  update hotel in database
2024-05-06T09:40:20.954Z [owner-service] error: getHotelDetailByOwnerId -> $OWNER_ID=[15] : Couldnot fetch hotel detail from database
2024-05-06T09:40:21.077Z [owner-service] error: deleteRoomDetailByRoomId -> $OWNER_ID=[15] : No room given id found
2024-05-06T09:40:21.166Z [owner-service] error: updateRoomDetailByRoomId -> $OWNER_ID=[15] : Couldnot update room in database
2024-05-06T09:40:56.903Z [owner-service] error: ownerLogin -> $OWNER_EMAIL=[wrongemail@gmail.com] : Invalid owner email
2024-05-06T09:40:57.049Z [owner-service] error: ownerLogin -> $OWNER_EMAIL=[hotel1@gmail.com] : Invalid owner credentials
2024-05-06T09:40:57.081Z [owner-service] error:  updateOwnerDetail-> $USER_ID=[15] : unauthorized access
2024-05-06T09:40:57.107Z [owner-service] error:  updateOwnerDetail-> $USER_ID=[15] : unauthorized access
2024-05-06T09:40:57.213Z [owner-service] error: addNewHotelDetail -> $OWNER_ID=[15] : Couldnot add new hotel in database 
2024-05-06T09:40:57.280Z [owner-service] error: updateHotelDetail -> $OWNER_ID=[15] : Couldnot  update hotel in database
2024-05-06T09:40:57.370Z [owner-service] error: getHotelDetailByOwnerId -> $OWNER_ID=[15] : Couldnot fetch hotel detail from database
2024-05-06T09:40:57.471Z [owner-service] error: deleteRoomDetailByRoomId -> $OWNER_ID=[15] : No room given id found
2024-05-06T09:40:57.542Z [owner-service] error: updateRoomDetailByRoomId -> $OWNER_ID=[15] : Couldnot update room in database
2024-05-06T09:42:23.882Z [owner-service] error: ownerLogin -> $OWNER_EMAIL=[wrongemail@gmail.com] : Invalid owner email
2024-05-06T09:42:23.997Z [owner-service] error: ownerLogin -> $OWNER_EMAIL=[hotel1@gmail.com] : Invalid owner credentials
2024-05-06T09:42:24.031Z [owner-service] error:  updateOwnerDetail-> $USER_ID=[15] : unauthorized access
2024-05-06T09:42:24.053Z [owner-service] error:  updateOwnerDetail-> $USER_ID=[15] : unauthorized access
2024-05-06T09:42:24.104Z [owner-service] error: addNewHotelDetail -> $OWNER_ID=[15] : Couldnot add new hotel in database 
2024-05-06T09:42:24.156Z [owner-service] error: updateHotelDetail -> $OWNER_ID=[15] : Couldnot  update hotel in database
2024-05-06T09:42:24.200Z [owner-service] error: getHotelDetailByOwnerId -> $OWNER_ID=[15] : Couldnot fetch hotel detail from database
2024-05-06T09:42:24.321Z [owner-service] error: deleteRoomDetailByRoomId -> $OWNER_ID=[15] : No room given id found
2024-05-06T09:42:24.406Z [owner-service] error: updateRoomDetailByRoomId -> $OWNER_ID=[15] : Couldnot update room in database
