2024-05-02T19:41:27.126Z [owner-service] info: ownerRegister -> $OWNER_EMAIL=[testowner3@gmail.com] : new hotelowner registered
2024-05-02T19:41:42.207Z [owner-service] info: ownerLogin -> $OWNER_EMAIL=[testowner3@gmail.com] : Owner logged In Successfully
2024-05-02T19:42:10.201Z [owner-service] info: addNewHotelDetail -> $OWNER_ID=[6] : new hotel added
2024-05-02T19:42:33.126Z [owner-service] info: updateHotelDetail -> $OWNER_ID=[6] : new hotel+amenity added 
2024-05-02T19:43:34.295Z [owner-service] info: updateOwnerDetail -> $OWNER_ID=[6] : hotelowner updated
2024-05-02T19:43:45.797Z [owner-service] info: getHotelDetailByOwnerId -> $OWNER_ID=[6] : fetched hotel detail successfully 
2024-05-02T19:44:21.248Z [owner-service] info: addRoomDetail -> $OWNER_ID=[6] : added roomdetail successfully
2024-05-02T19:44:30.781Z [owner-service] info: updateRoomDetailByRoomId -> $OWNER_ID=[6] : updated  room by roomid
2024-05-02T19:44:40.707Z [owner-service] info: getRoomDetailByRoomId -> $OWNER_ID=[6] : fetched roomdetail by roomid
2024-05-02T19:44:54.215Z [owner-service] info: getAllRoomDetailByHotelId -> $OWNER_ID=[6] : fetched all room by hotelownerid
2024-05-02T19:45:13.239Z [owner-service] error: deleteRoomDetailByRoomId -> $OWNER_ID=[6] : No room given id found
2024-05-02T19:45:23.626Z [owner-service] info: ownerLogout -> $OWNER_ID=[6] : owner logged Out successfully
2024-05-02T19:45:48.613Z [owner-service] info: ownerLogin -> $OWNER_EMAIL=[testowner3@gmail.com] : Owner logged In Successfully
2024-05-02T19:46:40.919Z [owner-service] error: ownerLogout -> $OWNER_ID=[6] : cannot remove owner refreshtoken
2024-05-02T19:46:48.211Z [owner-service] error: ownerLogout -> $OWNER_ID=[6] : cannot remove owner refreshtoken
2024-05-02T19:49:22.714Z [owner-service] info: ownerLogin -> $OWNER_EMAIL=[testowner3@gmail.com] : Owner logged In Successfully
2024-05-02T19:49:27.064Z [owner-service] error: ownerLogout -> $OWNER_ID=[6] : cannot remove owner refreshtoken
2024-05-02T19:49:51.912Z [owner-service] info: ownerLogout -> $OWNER_ID=[6] : owner logged Out successfully
2024-05-05T06:02:28.201Z [owner-service] info: ownerLogin -> $OWNER_EMAIL=[testowner3@gmail.com] : Owner logged In Successfully
2024-05-06T09:37:59.764Z [owner-service] info: ownerLogin -> $OWNER_EMAIL=[srinivas@gmail.com] : Owner logged In Successfully
2024-05-06T09:37:59.907Z [owner-service] error: ownerLogin -> $OWNER_EMAIL=[wrongemail@gmail.com] : Invalid owner email
2024-05-06T09:38:00.088Z [owner-service] error: ownerLogin -> $OWNER_EMAIL=[hotel1@gmail.com] : Invalid owner credentials
2024-05-06T09:38:00.121Z [owner-service] error:  updateOwnerDetail-> $USER_ID=[15] : unauthorized access
2024-05-06T09:38:00.166Z [owner-service] error:  updateOwnerDetail-> $USER_ID=[15] : unauthorized access
2024-05-06T09:38:00.309Z [owner-service] error: addNewHotelDetail -> $OWNER_ID=[15] : Couldnot add new hotel in database 
2024-05-06T09:38:00.339Z [owner-service] info: updateHotelDetail -> $OWNER_ID=[15] :  hotel+amenity updated
2024-05-06T09:38:00.371Z [owner-service] error: updateHotelDetail -> $OWNER_ID=[15] : Couldnot  update hotel in database
2024-05-06T09:38:00.404Z [owner-service] info: getHotelDetailByOwnerId -> $OWNER_ID=[15] : fetched hotel detail successfully 
2024-05-06T09:38:00.429Z [owner-service] error: getHotelDetailByOwnerId -> $OWNER_ID=[15] : Couldnot fetch hotel detail from database
2024-05-06T09:38:00.454Z [owner-service] info: getAllRoomDetailByHotelId -> $OWNER_ID=[15] : fetched all room by hotelownerid
2024-05-06T09:38:00.479Z [owner-service] info: getRoomDetailByRoomId -> $OWNER_ID=[15] : fetched roomdetail by roomid
2024-05-06T09:38:00.503Z [owner-service] error: deleteRoomDetailByRoomId -> $OWNER_ID=[15] : No room given id found
2024-05-06T09:38:00.528Z [owner-service] info: updateRoomDetailByRoomId -> $OWNER_ID=[15] : updated  room by roomid
2024-05-06T09:38:00.560Z [owner-service] error: updateRoomDetailByRoomId -> $OWNER_ID=[15] : Couldnot update room in database
2024-05-06T09:38:00.594Z [owner-service] info: addRoomDetail -> $OWNER_ID=[15] : added roomdetail successfully
2024-05-06T09:40:20.236Z [owner-service] info: ownerLogin -> $OWNER_EMAIL=[srinivas@gmail.com] : Owner logged In Successfully
2024-05-06T09:40:20.356Z [owner-service] error: ownerLogin -> $OWNER_EMAIL=[wrongemail@gmail.com] : Invalid owner email
2024-05-06T09:40:20.655Z [owner-service] error: ownerLogin -> $OWNER_EMAIL=[hotel1@gmail.com] : Invalid owner credentials
2024-05-06T09:40:20.696Z [owner-service] error:  updateOwnerDetail-> $USER_ID=[15] : unauthorized access
2024-05-06T09:40:20.730Z [owner-service] error:  updateOwnerDetail-> $USER_ID=[15] : unauthorized access
2024-05-06T09:40:20.806Z [owner-service] error: addNewHotelDetail -> $OWNER_ID=[15] : Couldnot add new hotel in database 
2024-05-06T09:40:20.838Z [owner-service] info: updateHotelDetail -> $OWNER_ID=[15] :  hotel+amenity updated
2024-05-06T09:40:20.874Z [owner-service] error: updateHotelDetail -> $OWNER_ID=[15] : Couldnot  update hotel in database
2024-05-06T09:40:20.918Z [owner-service] info: getHotelDetailByOwnerId -> $OWNER_ID=[15] : fetched hotel detail successfully 
2024-05-06T09:40:20.954Z [owner-service] error: getHotelDetailByOwnerId -> $OWNER_ID=[15] : Couldnot fetch hotel detail from database
2024-05-06T09:40:21.000Z [owner-service] info: getAllRoomDetailByHotelId -> $OWNER_ID=[15] : fetched all room by hotelid
2024-05-06T09:40:21.040Z [owner-service] info: getRoomDetailByRoomId -> $OWNER_ID=[15] : fetched roomdetail by roomid
2024-05-06T09:40:21.077Z [owner-service] error: deleteRoomDetailByRoomId -> $OWNER_ID=[15] : No room given id found
2024-05-06T09:40:21.122Z [owner-service] info: updateRoomDetailByRoomId -> $OWNER_ID=[15] : updated  room by roomid
2024-05-06T09:40:21.166Z [owner-service] error: updateRoomDetailByRoomId -> $OWNER_ID=[15] : Couldnot update room in database
2024-05-06T09:40:21.206Z [owner-service] info: addRoomDetail -> $OWNER_ID=[15] : added roomdetail successfully
2024-05-06T09:40:56.771Z [owner-service] info: ownerLogin -> $OWNER_EMAIL=[srinivas@gmail.com] : Owner logged In Successfully
2024-05-06T09:40:56.903Z [owner-service] error: ownerLogin -> $OWNER_EMAIL=[wrongemail@gmail.com] : Invalid owner email
2024-05-06T09:40:57.049Z [owner-service] error: ownerLogin -> $OWNER_EMAIL=[hotel1@gmail.com] : Invalid owner credentials
2024-05-06T09:40:57.081Z [owner-service] error:  updateOwnerDetail-> $USER_ID=[15] : unauthorized access
2024-05-06T09:40:57.107Z [owner-service] error:  updateOwnerDetail-> $USER_ID=[15] : unauthorized access
2024-05-06T09:40:57.213Z [owner-service] error: addNewHotelDetail -> $OWNER_ID=[15] : Couldnot add new hotel in database 
2024-05-06T09:40:57.242Z [owner-service] info: updateHotelDetail -> $OWNER_ID=[15] :  hotel+amenity updated
2024-05-06T09:40:57.280Z [owner-service] error: updateHotelDetail -> $OWNER_ID=[15] : Couldnot  update hotel in database
2024-05-06T09:40:57.326Z [owner-service] info: getHotelDetailByOwnerId -> $OWNER_ID=[15] : fetched hotel detail successfully 
2024-05-06T09:40:57.370Z [owner-service] error: getHotelDetailByOwnerId -> $OWNER_ID=[15] : Couldnot fetch hotel detail from database
2024-05-06T09:40:57.415Z [owner-service] info: getAllRoomDetailByHotelId -> $OWNER_ID=[15] : fetched all room by hotelid
2024-05-06T09:40:57.442Z [owner-service] info: getRoomDetailByRoomId -> $OWNER_ID=[15] : fetched roomdetail by roomid
2024-05-06T09:40:57.471Z [owner-service] error: deleteRoomDetailByRoomId -> $OWNER_ID=[15] : No room given id found
2024-05-06T09:40:57.504Z [owner-service] info: updateRoomDetailByRoomId -> $OWNER_ID=[15] : updated  room by roomid
2024-05-06T09:40:57.542Z [owner-service] error: updateRoomDetailByRoomId -> $OWNER_ID=[15] : Couldnot update room in database
2024-05-06T09:40:57.598Z [owner-service] info: addRoomDetail -> $OWNER_ID=[15] : added roomdetail successfully
2024-05-06T09:42:23.820Z [owner-service] info: ownerLogin -> $OWNER_EMAIL=[srinivas@gmail.com] : Owner logged In Successfully
2024-05-06T09:42:23.882Z [owner-service] error: ownerLogin -> $OWNER_EMAIL=[wrongemail@gmail.com] : Invalid owner email
2024-05-06T09:42:23.997Z [owner-service] error: ownerLogin -> $OWNER_EMAIL=[hotel1@gmail.com] : Invalid owner credentials
2024-05-06T09:42:24.031Z [owner-service] error:  updateOwnerDetail-> $USER_ID=[15] : unauthorized access
2024-05-06T09:42:24.053Z [owner-service] error:  updateOwnerDetail-> $USER_ID=[15] : unauthorized access
2024-05-06T09:42:24.104Z [owner-service] error: addNewHotelDetail -> $OWNER_ID=[15] : Couldnot add new hotel in database 
2024-05-06T09:42:24.128Z [owner-service] info: updateHotelDetail -> $OWNER_ID=[15] :  hotel+amenity updated
2024-05-06T09:42:24.156Z [owner-service] error: updateHotelDetail -> $OWNER_ID=[15] : Couldnot  update hotel in database
2024-05-06T09:42:24.180Z [owner-service] info: getHotelDetailByOwnerId -> $OWNER_ID=[15] : fetched hotel detail successfully 
2024-05-06T09:42:24.200Z [owner-service] error: getHotelDetailByOwnerId -> $OWNER_ID=[15] : Couldnot fetch hotel detail from database
2024-05-06T09:42:24.254Z [owner-service] info: getAllRoomDetailByHotelId -> $OWNER_ID=[15] : fetched all room by hotelid
2024-05-06T09:42:24.283Z [owner-service] info: getRoomDetailByRoomId -> $OWNER_ID=[15] : fetched roomdetail by roomid
2024-05-06T09:42:24.321Z [owner-service] error: deleteRoomDetailByRoomId -> $OWNER_ID=[15] : No room given id found
2024-05-06T09:42:24.361Z [owner-service] info: updateRoomDetailByRoomId -> $OWNER_ID=[15] : updated  room by roomid
2024-05-06T09:42:24.406Z [owner-service] error: updateRoomDetailByRoomId -> $OWNER_ID=[15] : Couldnot update room in database
2024-05-06T09:42:24.455Z [owner-service] info: addRoomDetail -> $OWNER_ID=[15] : added roomdetail successfully
