[error] - User Login Logs;  May-04-2024 12:27:44; Message: User not found
[error] - User Login Logs;  May-04-2024 12:28:05; Message: User try to login with invalid Password
[info] - User Login Logs;  May-04-2024 12:28:47; Message: Login successfully. User Name : sushanth
[info] - User Login Logs;  May-04-2024 12:34:09; Message: New User Registered Successfully User Details : [object Object]
info: New User Registered Successfully User Details : [object Object] {"timestamp":"May-04-2024 12:41:27"}
info: New User Registered Successfully User Details :  {"address":"Andhra Pradesh","contact_no":"9440630778","email":"sushanthvemula@gmail.com","gender":"MALE","password":"$2b$10$aNtf46sJlqRkdyF3NpIZg.Gdh9qpb87zAD/h6IGfpb0g2x1AuVG1q","timestamp":"May-04-2024 12:43:13","user_id":29,"user_name":"sushanth123"}
info: Login successfully. User Name : sushanth {"timestamp":"May-04-2024 12:45:11"}
error: User not found {"timestamp":"May-04-2024 12:45:21"}
error: User try to login with invalid Password {"timestamp":"May-04-2024 12:45:31"}
info: Login successfully. User Name : sushanth {"timestamp":"May-04-2024 12:45:35"}
info: Login successfully. User Name : sushanth {"timestamp":"May-04-2024 12:50:28"}
info: Logout successfull. {"timestamp":"May-04-2024 12:54:26"}
info: Login successfully. User Name : sushanth {"timestamp":"May-04-2024 14:41:21"}
error: User try to update details but failed {"timestamp":"May-04-2024 14:44:23"}
info: User Details Updated:  {"timestamp":"May-04-2024 14:44:32"}
error: User try to update details but failed {"timestamp":"May-04-2024 14:45:52"}
info: User Details Updated:  {"address":"che","contact_no":"2222222222","gender":"MALE","timestamp":"May-04-2024 14:46:27","user_id":"18","user_name":"ramesh"}
info: User Details Updated:  {"address":"Hyd","contact_no":"2222222222","gender":"MALE","timestamp":"May-04-2024 14:47:26","user_id":"18","user_name":"ramesh"}
info: User tried to see future bookings-future bookings found user Id:1Bookings are {"timestamp":"May-04-2024 14:55:31"}
info: User tried to see future bookings-future bookings found user Id: 1 Bookings are  {"timestamp":"May-04-2024 15:01:00"}
info: User tried to see future bookings-future bookings found user Id: 1 Bookings are  {"timestamp":"May-04-2024 15:02:42"}
info: User tried to see future bookings-future bookings found user Id: 1 {"timestamp":"May-04-2024 15:03:04"}
info: User Id : 1 tried to see future bookings {"timestamp":"May-04-2024 15:04:25"}
info: User Id : 5 tried to see future bookings {"timestamp":"May-04-2024 15:04:41"}
info: User Id : 5 tried to see future bookings {"0":{"booking_id":9,"booking_status":"REFUND_PENDING","checkin_date":"2025-04-20","checkout_date":"2025-04-25","hotel_id":1,"no_rooms":2,"total_booking_amount":1500,"user_id":5},"timestamp":"May-04-2024 15:05:22"}
info: User Id : 1 tried to see future bookings {"timestamp":"May-04-2024 15:05:44"}
info: User Id : 5 tried to see future bookings {"0":{"booking_id":9,"booking_status":"REFUND_PENDING","checkin_date":"2025-04-20","checkout_date":"2025-04-25","hotel_id":1,"no_rooms":2,"total_booking_amount":1500,"user_id":5},"timestamp":"May-04-2024 15:06:16"}
info: User Id : 5 tried to see future bookings {"0":{"booking_id":8,"booking_status":"BOOKED","checkin_date":"2025-04-20","checkout_date":"2025-04-25","hotel_id":1,"no_rooms":2,"total_booking_amount":1500,"user_id":5},"1":{"booking_id":9,"booking_status":"REFUND_PENDING","checkin_date":"2025-04-20","checkout_date":"2025-04-25","hotel_id":1,"no_rooms":2,"total_booking_amount":1500,"user_id":5},"timestamp":"May-04-2024 15:07:00"}
info: User Id : 100 tried to see future bookings {"timestamp":"May-04-2024 15:10:39"}
info: User Id : 1 tried to see future bookings {"timestamp":"May-04-2024 15:11:32"}
info: User Id : 5 tried to see future bookings {"0":{"booking_id":8,"booking_status":"BOOKED","checkin_date":"2025-04-20","checkout_date":"2025-04-25","hotel_id":1,"no_rooms":2,"total_booking_amount":1500,"user_id":5},"1":{"booking_id":9,"booking_status":"REFUND_PENDING","checkin_date":"2025-04-20","checkout_date":"2025-04-25","hotel_id":1,"no_rooms":2,"total_booking_amount":1500,"user_id":5},"timestamp":"May-04-2024 15:11:36"}
info: Booking Id : 6 cancelled {"booking_id":6,"booking_status":"REFUND_PENDING","checkin_date":"2024-04-20","checkout_date":"2024-04-25","hotel_id":1,"no_rooms":null,"timestamp":"May-04-2024 15:19:37","total_booking_amount":null,"user_id":5}
info: User Id : 100 Viewed the booking history {"timestamp":"May-04-2024 15:23:35"}
info: User Id : 5 Viewed the booking history {"0":{"booking_id":6,"booking_status":"REFUND_PENDING","checkin_date":"2024-04-20","checkout_date":"2024-04-25","hotel_id":1,"no_rooms":null,"total_booking_amount":null,"user_id":5},"1":{"booking_id":7,"booking_status":"REFUND_PENDING","checkin_date":"2024-04-20","checkout_date":"2024-04-25","hotel_id":1,"no_rooms":2,"total_booking_amount":1500,"user_id":5},"2":{"booking_id":8,"booking_status":"BOOKED","checkin_date":"2025-04-20","checkout_date":"2025-04-25","hotel_id":1,"no_rooms":2,"total_booking_amount":1500,"user_id":5},"3":{"booking_id":9,"booking_status":"REFUND_PENDING","checkin_date":"2025-04-20","checkout_date":"2025-04-25","hotel_id":1,"no_rooms":2,"total_booking_amount":1500,"user_id":5},"timestamp":"May-04-2024 15:23:49"}
info: User Successfully added review for Booking Id :5 {"timestamp":"May-04-2024 15:30:08"}
info: User Successfully added review for Booking Id :5 {"_changed":{},"_options":{"_schema":null,"_schemaDelimiter":"","isNewRecord":true},"_previousDataValues":{"booking_id":5,"rating":4.5,"review":"Great experience at the hotel!","review_id":11,"time_stamp":"2024-05-04T10:00:40.512Z"},"dataValues":{"booking_id":5,"rating":4.5,"review":"Great experience at the hotel!","review_id":11,"time_stamp":"2024-05-04T10:00:40.512Z"},"isNewRecord":false,"timestamp":"May-04-2024 15:30:40","uniqno":1}
info: User Successfully added review for Booking Id :6 {"_changed":{},"_options":{"_schema":null,"_schemaDelimiter":"","isNewRecord":true},"_previousDataValues":{"booking_id":6,"rating":4.5,"review":"Great experience at the hotel!","review_id":13,"time_stamp":"2024-05-04T10:01:48.928Z"},"dataValues":{"booking_id":6,"rating":4.5,"review":"Great experience at the hotel!","review_id":13,"time_stamp":"2024-05-04T10:01:48.928Z"},"isNewRecord":false,"timestamp":"May-04-2024 15:31:49","uniqno":1}
error: Error occurred while adding review: Failed to add review {"stack":"Error: Failed to add review\n    at module.exports.addReview (C:\\Users\\susha\\Desktop\\Hexaware Training\\cozy_haven_stay_backend-main\\src\\services\\user\\user_detail.service.js:93:11)\n    at process.processTicksAndRejections (node:internal/process/task_queues:95:5)\n    at async C:\\Users\\susha\\Desktop\\Hexaware Training\\cozy_haven_stay_backend-main\\src\\controllers\\user\\user.controller.js:209:23","timestamp":"May-04-2024 15:37:24"}
info: User Successfully added review for Booking Id :7 {"_changed":{},"_options":{"_schema":null,"_schemaDelimiter":"","isNewRecord":true},"_previousDataValues":{"booking_id":7,"rating":4.5,"review":"Great experience at the hotel!","review_id":15,"time_stamp":"2024-05-04T10:08:43.755Z"},"dataValues":{"booking_id":7,"rating":4.5,"review":"Great experience at the hotel!","review_id":15,"time_stamp":"2024-05-04T10:08:43.755Z"},"isNewRecord":false,"timestamp":"May-04-2024 15:38:43","uniqno":1}
info: Login successfully. User Name : sushanth {"timestamp":"May-04-2024 15:47:58"}
info: User tried to view the reviews by hotl id : 100 {"timestamp":"May-04-2024 15:48:23"}
info: User tried to view the reviews by hotl id : 1 {"0":{"rating":4.2,"review":"Great experience at the hotel!","review_id":3,"time_stamp":"2024-05-02T13:36:56.000Z"},"1":{"rating":4.5,"review":"Great experience at the hotel!","review_id":4,"time_stamp":"2024-05-02T14:30:33.000Z"},"2":{"rating":3,"review":"Great experience at the hotel!","review_id":5,"time_stamp":"2024-05-03T11:24:07.000Z"},"3":{"rating":4.5,"review":"Great experience at the hotel!","review_id":6,"time_stamp":"2024-05-04T05:44:26.000Z"},"4":{"rating":4.5,"review":"Great experience at the hotel!","review_id":7,"time_stamp":"2024-05-04T05:45:09.000Z"},"5":{"rating":4.3,"review":"Good Hotel","review_id":9,"time_stamp":"2024-05-04T05:46:49.000Z"},"6":{"rating":4.5,"review":"Great experience at the hotel!","review_id":10,"time_stamp":"2024-05-04T10:00:08.000Z"},"7":{"rating":4.5,"review":"Great experience at the hotel!","review_id":11,"time_stamp":"2024-05-04T10:00:40.000Z"},"8":{"rating":4.5,"review":"Great experience at the hotel!","review_id":13,"time_stamp":"2024-05-04T10:01:48.000Z"},"9":{"rating":4.5,"review":"Great experience at the hotel!","review_id":15,"time_stamp":"2024-05-04T10:08:43.000Z"},"timestamp":"May-04-2024 15:51:29"}
error: Error occurred while getting review: No reviews found for this hotel ID {"data":null,"errors":[],"stack":"Error: No reviews found for this hotel ID\n    at C:\\Users\\susha\\Desktop\\Hexaware Training\\cozy_haven_stay_backend-main\\src\\controllers\\user\\user.controller.js:216:13\n    at process.processTicksAndRejections (node:internal/process/task_queues:95:5)","statusCode":404,"success":false,"timestamp":"May-04-2024 15:54:33"}
info: User tried to view the reviews by hotl id : 100 {"timestamp":"May-04-2024 15:54:56"}
error: Error occurred while getting review: No reviews found for this hotel ID {"data":null,"errors":[],"stack":"Error: No reviews found for this hotel ID\n    at C:\\Users\\susha\\Desktop\\Hexaware Training\\cozy_haven_stay_backend-main\\src\\controllers\\user\\user.controller.js:216:13\n    at process.processTicksAndRejections (node:internal/process/task_queues:95:5)","statusCode":404,"success":false,"timestamp":"May-04-2024 15:58:42"}
info: User tried to view the reviews by hotl id : 2 {"timestamp":"May-04-2024 15:59:10"}
info: Reviews retrieved successfully for user ID: 1 {"0":{"rating":4.2,"review":"Great experience at the hotel!","review_id":3,"time_stamp":"2024-05-02T13:36:56.000Z"},"1":{"rating":3,"review":"Great experience at the hotel!","review_id":5,"time_stamp":"2024-05-03T11:24:07.000Z"},"2":{"rating":4.5,"review":"Great experience at the hotel!","review_id":6,"time_stamp":"2024-05-04T05:44:26.000Z"},"3":{"rating":4.3,"review":"Good Hotel","review_id":9,"time_stamp":"2024-05-04T05:46:49.000Z"},"4":{"rating":4.5,"review":"Great experience at the hotel!","review_id":4,"time_stamp":"2024-05-02T14:30:33.000Z"},"timestamp":"May-04-2024 16:01:41"}
info: Reviews retrieved successfully for user ID: 100 {"timestamp":"May-04-2024 16:02:00"}
info: Reviews retrieved successfully for user ID: 2 {"timestamp":"May-04-2024 16:02:30"}
error: Error fetching reviews for user ID No reviews found for this hotel ID {"data":null,"errors":[],"stack":"Error: No reviews found for this hotel ID\n    at C:\\Users\\susha\\Desktop\\Hexaware Training\\cozy_haven_stay_backend-main\\src\\controllers\\user\\user.controller.js:242:13\n    at process.processTicksAndRejections (node:internal/process/task_queues:95:5)","statusCode":404,"success":false,"timestamp":"May-04-2024 16:05:29"}
info: Reviews retrieved successfully for user ID: 3 {"timestamp":"May-04-2024 16:06:02"}
info: Reviews retrieved successfully for user ID: 2 {"timestamp":"May-04-2024 16:06:07"}
info: Reviews retrieved successfully for user ID: 1 {"0":{"rating":4.2,"review":"Great experience at the hotel!","review_id":3,"time_stamp":"2024-05-02T13:36:56.000Z"},"1":{"rating":3,"review":"Great experience at the hotel!","review_id":5,"time_stamp":"2024-05-03T11:24:07.000Z"},"2":{"rating":4.5,"review":"Great experience at the hotel!","review_id":6,"time_stamp":"2024-05-04T05:44:26.000Z"},"3":{"rating":4.3,"review":"Good Hotel","review_id":9,"time_stamp":"2024-05-04T05:46:49.000Z"},"4":{"rating":4.5,"review":"Great experience at the hotel!","review_id":4,"time_stamp":"2024-05-02T14:30:33.000Z"},"timestamp":"May-04-2024 16:06:10"}
error: Error fetching reviews for user ID No reviews found for this hotel ID {"data":null,"errors":[],"stack":"Error: No reviews found for this hotel ID\n    at C:\\Users\\susha\\Desktop\\Hexaware Training\\cozy_haven_stay_backend-main\\src\\controllers\\user\\user.controller.js:242:13\n    at process.processTicksAndRejections (node:internal/process/task_queues:95:5)","statusCode":404,"success":false,"timestamp":"May-04-2024 16:10:58"}
info: Reviews retrieved successfully for booking ID: 2 {"0":{"booking_id":2,"rating":4.5,"review":"Great experience at the hotel!","review_id":4,"time_stamp":"2024-05-02T14:30:33.000Z"},"timestamp":"May-04-2024 16:13:59"}
error: Error fetching reviews for booking ID: k No reviews found for this booking ID {"data":null,"errors":[],"stack":"Error: No reviews found for this booking ID\n    at C:\\Users\\susha\\Desktop\\Hexaware Training\\cozy_haven_stay_backend-main\\src\\controllers\\user\\user.controller.js:269:13\n    at process.processTicksAndRejections (node:internal/process/task_queues:95:5)","statusCode":404,"success":false,"timestamp":"May-04-2024 16:17:17"}
info: Reviews retrieved successfully for booking ID: 1 {"0":{"booking_id":1,"rating":4.2,"review":"Great experience at the hotel!","review_id":3,"time_stamp":"2024-05-02T13:36:56.000Z"},"1":{"booking_id":1,"rating":3,"review":"Great experience at the hotel!","review_id":5,"time_stamp":"2024-05-03T11:24:07.000Z"},"2":{"booking_id":1,"rating":4.5,"review":"Great experience at the hotel!","review_id":6,"time_stamp":"2024-05-04T05:44:26.000Z"},"3":{"booking_id":1,"rating":4.3,"review":"Good Hotel","review_id":9,"time_stamp":"2024-05-04T05:46:49.000Z"},"timestamp":"May-04-2024 16:17:48"}
error: Error fetching reviews for user ID: [object Object] No reviews found for this hotel ID {"data":null,"errors":[],"stack":"Error: No reviews found for this hotel ID\n    at C:\\Users\\susha\\Desktop\\Hexaware Training\\cozy_haven_stay_backend-main\\src\\controllers\\user\\user.controller.js:243:13\n    at process.processTicksAndRejections (node:internal/process/task_queues:95:5)","statusCode":404,"success":false,"timestamp":"May-04-2024 16:22:31"}
info: Reviews retrieved successfully for user ID: 1 {"0":{"rating":4.2,"review":"Great experience at the hotel!","review_id":3,"time_stamp":"2024-05-02T13:36:56.000Z"},"1":{"rating":3,"review":"Great experience at the hotel!","review_id":5,"time_stamp":"2024-05-03T11:24:07.000Z"},"2":{"rating":4.5,"review":"Great experience at the hotel!","review_id":6,"time_stamp":"2024-05-04T05:44:26.000Z"},"3":{"rating":4.3,"review":"Good Hotel","review_id":9,"time_stamp":"2024-05-04T05:46:49.000Z"},"4":{"rating":4.5,"review":"Great experience at the hotel!","review_id":4,"time_stamp":"2024-05-02T14:30:33.000Z"},"timestamp":"May-04-2024 16:23:15"}
error: Error fetching reviews for user ID: k No reviews found for this hotel ID {"data":null,"errors":[],"stack":"Error: No reviews found for this hotel ID\n    at C:\\Users\\susha\\Desktop\\Hexaware Training\\cozy_haven_stay_backend-main\\src\\controllers\\user\\user.controller.js:243:13\n    at process.processTicksAndRejections (node:internal/process/task_queues:95:5)","statusCode":404,"success":false,"timestamp":"May-04-2024 16:23:25"}
info: User tried to view the reviews by hotl id : 1 {"0":{"rating":4.2,"review":"Great experience at the hotel!","review_id":3,"time_stamp":"2024-05-02T13:36:56.000Z"},"1":{"rating":4.5,"review":"Great experience at the hotel!","review_id":4,"time_stamp":"2024-05-02T14:30:33.000Z"},"2":{"rating":3,"review":"Great experience at the hotel!","review_id":5,"time_stamp":"2024-05-03T11:24:07.000Z"},"3":{"rating":4.5,"review":"Great experience at the hotel!","review_id":6,"time_stamp":"2024-05-04T05:44:26.000Z"},"4":{"rating":4.5,"review":"Great experience at the hotel!","review_id":7,"time_stamp":"2024-05-04T05:45:09.000Z"},"5":{"rating":4.3,"review":"Good Hotel","review_id":9,"time_stamp":"2024-05-04T05:46:49.000Z"},"6":{"rating":4.5,"review":"Great experience at the hotel!","review_id":10,"time_stamp":"2024-05-04T10:00:08.000Z"},"7":{"rating":4.5,"review":"Great experience at the hotel!","review_id":11,"time_stamp":"2024-05-04T10:00:40.000Z"},"8":{"rating":4.5,"review":"Great experience at the hotel!","review_id":13,"time_stamp":"2024-05-04T10:01:48.000Z"},"9":{"rating":4.5,"review":"Great experience at the hotel!","review_id":15,"time_stamp":"2024-05-04T10:08:43.000Z"},"timestamp":"May-04-2024 16:26:06"}
error: Error occurred while getting review for Hotel Id:k No reviews found for this hotel ID {"data":null,"errors":[],"stack":"Error: No reviews found for this hotel ID\n    at C:\\Users\\susha\\Desktop\\Hexaware Training\\cozy_haven_stay_backend-main\\src\\controllers\\user\\user.controller.js:217:13\n    at process.processTicksAndRejections (node:internal/process/task_queues:95:5)","statusCode":404,"success":false,"timestamp":"May-04-2024 16:26:10"}
error: Error occurred while getting review for Hotel Id: k No reviews found for this hotel ID {"data":null,"errors":[],"stack":"Error: No reviews found for this hotel ID\n    at C:\\Users\\susha\\Desktop\\Hexaware Training\\cozy_haven_stay_backend-main\\src\\controllers\\user\\user.controller.js:217:13\n    at process.processTicksAndRejections (node:internal/process/task_queues:95:5)","statusCode":404,"success":false,"timestamp":"May-04-2024 16:26:25"}
error: Error occurred while getting review for Hotel Id: k, No reviews found for this hotel ID {"data":null,"errors":[],"stack":"Error: No reviews found for this hotel ID\n    at C:\\Users\\susha\\Desktop\\Hexaware Training\\cozy_haven_stay_backend-main\\src\\controllers\\user\\user.controller.js:217:13\n    at process.processTicksAndRejections (node:internal/process/task_queues:95:5)","statusCode":404,"success":false,"timestamp":"May-04-2024 16:26:48"}
info: User Id : 5 Viewed the booking history {"0":{"booking_id":6,"booking_status":"REFUND_PENDING","checkin_date":"2024-04-20","checkout_date":"2024-04-25","hotel_id":1,"no_rooms":null,"total_booking_amount":null,"user_id":5},"1":{"booking_id":7,"booking_status":"REFUND_PENDING","checkin_date":"2024-04-20","checkout_date":"2024-04-25","hotel_id":1,"no_rooms":2,"total_booking_amount":1500,"user_id":5},"2":{"booking_id":8,"booking_status":"BOOKED","checkin_date":"2025-04-20","checkout_date":"2025-04-25","hotel_id":1,"no_rooms":2,"total_booking_amount":1500,"user_id":5},"3":{"booking_id":9,"booking_status":"REFUND_PENDING","checkin_date":"2025-04-20","checkout_date":"2025-04-25","hotel_id":1,"no_rooms":2,"total_booking_amount":1500,"user_id":5},"timestamp":"May-04-2024 16:31:08"}
info: User Id : 100 Viewed the booking history {"timestamp":"May-04-2024 16:31:17"}
info: User Id : j Viewed the booking history {"timestamp":"May-04-2024 16:31:22"}
info: User Id : j Viewed the booking history {"timestamp":"May-04-2024 16:31:24"}
info: User Id : 1 Viewed the booking history {"0":{"booking_id":1,"booking_status":"REFUND_PENDING","checkin_date":"2024-04-20","checkout_date":"2024-04-25","hotel_id":1,"no_rooms":null,"total_booking_amount":null,"user_id":1},"1":{"booking_id":2,"booking_status":"REFUND_PENDING","checkin_date":"2024-04-20","checkout_date":"2024-04-25","hotel_id":1,"no_rooms":null,"total_booking_amount":null,"user_id":1},"timestamp":"May-04-2024 16:33:16"}
info: Booking Id : 6 cancelled {"booking_id":6,"booking_status":"REFUND_PENDING","checkin_date":"2024-04-20","checkout_date":"2024-04-25","hotel_id":1,"no_rooms":null,"timestamp":"May-04-2024 16:36:17","total_booking_amount":null,"user_id":5}
error: Error cancelling booking for booking ID: f Booking not found for this booking Id {"stack":"Error: Booking not found for this booking Id\n    at module.exports.cancelReservation (C:\\Users\\susha\\Desktop\\Hexaware Training\\cozy_haven_stay_backend-main\\src\\services\\booking\\booking.service.js:24:13)\n    at process.processTicksAndRejections (node:internal/process/task_queues:95:5)\n    at async C:\\Users\\susha\\Desktop\\Hexaware Training\\cozy_haven_stay_backend-main\\src\\controllers\\user\\user.controller.js:145:22","timestamp":"May-04-2024 16:36:24"}
info: User Id : 1 tried to see future bookings {"timestamp":"May-04-2024 16:38:44"}
info: User Id : 5 tried to see future bookings {"0":{"booking_id":8,"booking_status":"BOOKED","checkin_date":"2025-04-20","checkout_date":"2025-04-25","hotel_id":1,"no_rooms":2,"total_booking_amount":1500,"user_id":5},"1":{"booking_id":9,"booking_status":"REFUND_PENDING","checkin_date":"2025-04-20","checkout_date":"2025-04-25","hotel_id":1,"no_rooms":2,"total_booking_amount":1500,"user_id":5},"timestamp":"May-04-2024 16:38:56"}
info: User Id : 5 tried to see future bookings {"0":{"booking_id":8,"booking_status":"BOOKED","checkin_date":"2025-04-20","checkout_date":"2025-04-25","hotel_id":1,"no_rooms":2,"total_booking_amount":1500,"user_id":5},"1":{"booking_id":9,"booking_status":"REFUND_PENDING","checkin_date":"2025-04-20","checkout_date":"2025-04-25","hotel_id":1,"no_rooms":2,"total_booking_amount":1500,"user_id":5},"timestamp":"May-04-2024 16:38:59"}
info: User Id : 5h tried to see future bookings {"0":{"booking_id":8,"booking_status":"BOOKED","checkin_date":"2025-04-20","checkout_date":"2025-04-25","hotel_id":1,"no_rooms":2,"total_booking_amount":1500,"user_id":5},"1":{"booking_id":9,"booking_status":"REFUND_PENDING","checkin_date":"2025-04-20","checkout_date":"2025-04-25","hotel_id":1,"no_rooms":2,"total_booking_amount":1500,"user_id":5},"timestamp":"May-04-2024 16:39:02"}
info: User Id : k tried to see future bookings {"timestamp":"May-04-2024 16:39:07"}
info: User Id : k tried to see future bookings {"timestamp":"May-04-2024 16:39:52"}
info: New User Registered Successfully User Details :  {"address":"AP","contact_no":"8688810980","email":"sushanth@gmail.com","gender":"MALE","password":"$2b$10$KYP82Tsq.s2vRIXiLb.flOGdHYCrRyRWXWwI5q3w7fOLJ7ybxd5E2","timestamp":"May-04-2024 17:38:48","user_id":30,"user_name":"sushanth"}
info: New User Registered Successfully User Details :  {"address":"HYD","contact_no":"0980980980","email":"sushanth@gmail.com","gender":"MALE","password":"$2b$10$UrGqAi9wjWjtIeR6Mp5iKO2ZH1JVqHEFOsNBpnXlp6q3POYpgaxn2","timestamp":"May-04-2024 18:09:30","user_id":31,"user_name":"sushanth"}
info: New User Registered Successfully User Details :  {"address":"HYD","contact_no":"0980980980","email":"sushanth@gmail.com","gender":"MALE","password":"$2b$10$hla5z96EsowMPFE28f0/AOO4UPvg9vVbqqMPj1cDxOCCPHAjVBfZa","timestamp":"May-04-2024 18:11:17","user_id":32,"user_name":"sushanth"}
info: New User Registered Successfully User Details :  {"address":"HYD","contact_no":"0980980980","email":"sushanth@gmail.com","gender":"MALE","password":"$2b$10$cReAREDF0xv0e9erkdJheOGbXKxZsbZBngSaTNqmfhL4Dx1jGPIkS","timestamp":"May-04-2024 18:15:12","user_id":33,"user_name":"sushanth"}
info: New User Registered Successfully User Details :  {"address":"HYD","contact_no":"0980980980","email":"sushanth@gmail.com","gender":"MALE","password":"$2b$10$3M1OyWzKo9r4gbNrjlmoEuIfgzAnPPY1zjzkDhyJ1xtoRexi0RnFq","timestamp":"May-05-2024 07:42:54","user_id":34,"user_name":"sushanth"}
info: New User Registered Successfully User Details :  {"address":"HYD","contact_no":"0980980980","email":"sushanth@gmail.com","gender":"MALE","password":"$2b$10$Ua.CV1rmx87eigb5tWkeGO1.yXO.dmQ8Tw1CfqJaVL.N5Q2jXoa5S","timestamp":"May-05-2024 07:48:43","user_id":35,"user_name":"sushanth"}
info: New User Registered Successfully User Details :  {"address":"HYD","contact_no":"0980980980","email":"sushanth@gmail.com","gender":"MALE","password":"$2b$10$1Y60QAHCxVdOaq75uSJ0LuDVkDXMRnQxbRigvR.JiHZ3W7LsuEiBG","timestamp":"May-05-2024 07:50:28","user_id":36,"user_name":"sushanth"}
info: New User Registered Successfully User Details :  {"address":"HYD","contact_no":"0980980980","email":"sushanth@gmail.com","gender":"MALE","password":"$2b$10$klLu55UYwU74QVZASGD/cuB1y0zQ5PCujaBTw7eOq3ocJhhotgoJ.","timestamp":"May-05-2024 07:53:53","user_id":37,"user_name":"sushanth"}
info: New User Registered Successfully User Details :  {"address":"HYD","contact_no":"0980980980","email":"sushanth@gmail.com","gender":"MALE","password":"$2b$10$.q6WJx00gLRCdcajT.9U9OLcvnWATcXBA7cV0QyoE4aRmibKy1Lti","timestamp":"May-05-2024 07:54:45","user_id":38,"user_name":"sushanth"}
info: New User Registered Successfully User Details :  {"address":"HYD","contact_no":"0980980980","email":"sushanth@gmail.com","gender":"MALE","password":"$2b$10$2coDyA02Evf3qnAPGGEOVeNUZvAnaf0AXKw56D2126aDrgpg7YR1G","timestamp":"May-05-2024 08:01:56","user_id":39,"user_name":"sushanth"}
info: New User Registered Successfully User Details :  {"address":"HYD","contact_no":"0980980980","email":"sushanth@gmail.com","gender":"MALE","password":"$2b$10$7Uvt7uZ49Pm183EK5ZWn1ue9sBSgMsjv7sv2sO6miwxWBNF9LntEi","timestamp":"May-05-2024 08:07:42","user_id":41,"user_name":"sushanth"}
info: New User Registered Successfully User Details :  {"address":"HYD","contact_no":"0980980980","email":"sushanth@gmail.com","gender":"MALE","password":"$2b$10$KnAt70aGB5EAS9Sl7P0aReLehZ1K6bc2YMrYBSq1X6Im16FjZOium","timestamp":"May-05-2024 08:08:51","user_id":42,"user_name":"sushanth"}
info: Login successfully. User Name : sushanth {"timestamp":"May-05-2024 08:52:34"}
error: User not found {"timestamp":"May-05-2024 08:55:47"}
error: User try to login with invalid Password {"timestamp":"May-05-2024 08:57:42"}
info: Login successfully. User Name : sushanth {"timestamp":"May-05-2024 09:04:01"}
info: Login successfully. User Name : sushanth {"timestamp":"May-05-2024 09:04:27"}
error: User not found {"timestamp":"May-05-2024 09:04:27"}
info: Login successfully. User Name : sushanth {"timestamp":"May-05-2024 09:04:45"}
error: User not found {"timestamp":"May-05-2024 09:04:45"}
error: User try to login with invalid Password {"timestamp":"May-05-2024 09:04:45"}
info: Login successfully. User Name : sushanth {"timestamp":"May-05-2024 09:06:11"}
error: User not found {"timestamp":"May-05-2024 09:06:11"}
error: User try to login with invalid Password {"timestamp":"May-05-2024 09:06:11"}
info: Login successfully. User Name : sushanth {"timestamp":"May-05-2024 09:13:15"}
info: Logout successfull. {"timestamp":"May-05-2024 09:13:46"}
info: Logout successfull. {"timestamp":"May-05-2024 09:13:58"}
info: Login successfully. User Name : sushanth {"timestamp":"May-05-2024 09:17:13"}
error: User not found {"timestamp":"May-05-2024 09:17:13"}
error: User try to login with invalid Password {"timestamp":"May-05-2024 09:17:13"}
info: Login successfully. User Name : sushanth {"timestamp":"May-05-2024 09:22:27"}
error: User not found {"timestamp":"May-05-2024 09:22:27"}
error: User try to login with invalid Password {"timestamp":"May-05-2024 09:22:27"}
info: Logout successfull. {"timestamp":"May-05-2024 09:22:27"}
info: Login successfully. User Name : sushanth {"timestamp":"May-05-2024 09:23:09"}
error: User not found {"timestamp":"May-05-2024 09:23:09"}
error: User try to login with invalid Password {"timestamp":"May-05-2024 09:23:09"}
info: Logout successfull. {"timestamp":"May-05-2024 09:23:09"}
info: Login successfully. User Name : sushanth {"timestamp":"May-05-2024 09:23:52"}
error: User not found {"timestamp":"May-05-2024 09:23:52"}
error: User try to login with invalid Password {"timestamp":"May-05-2024 09:23:52"}
info: Logout successfull. {"timestamp":"May-05-2024 09:23:52"}
info: User Details Updated:  {"address":"Hydfgf","contact_no":"2222222222","gender":"MALE","timestamp":"May-05-2024 09:32:06","user_id":"18","user_name":"ramesh"}
error: User try to update details but failed {"timestamp":"May-05-2024 09:33:33"}
info: User Details Updated:  {"address":"Hydfghdf","contact_no":"2222222222","gender":"MALE","timestamp":"May-05-2024 09:33:39","user_id":"18","user_name":"ramesh"}
info: User Details Updated:  {"address":"chennai","contact_no":"2222222222","gender":"MALE","timestamp":"May-05-2024 09:34:44","user_id":"18","user_name":"ramesh"}
error: User try to update details but failed {"timestamp":"May-05-2024 09:37:07"}
info: Login successfully. User Name : sushanth {"timestamp":"May-05-2024 09:41:36"}
error: User not found {"timestamp":"May-05-2024 09:41:36"}
error: User try to login with invalid Password {"timestamp":"May-05-2024 09:41:36"}
info: Logout successfull. {"timestamp":"May-05-2024 09:41:36"}
info: User Details Updated:  {"address":"chennai123","contact_no":"2222222222","gender":"MALE","timestamp":"May-05-2024 09:45:16","user_id":"18","user_name":"ramesh"}
info: User Details Updated:  {"address":"chennai","contact_no":"2222222222","gender":"MALE","timestamp":"May-05-2024 09:54:40","user_id":"18","user_name":"ramesh"}
info: User Details Updated:  {"address":"chennai123456","contact_no":"2222222222","gender":"MALE","timestamp":"May-05-2024 09:57:44","user_id":"18","user_name":"ramesh"}
info: User Details Updated:  {"address":"chennai123vf456","contact_no":"2222222222","gender":"MALE","timestamp":"May-05-2024 09:58:25","user_id":"18","user_name":"ramesh"}
info: User Details Updated:  {"address":"chennai","contact_no":"2222222222","gender":"MALE","timestamp":"May-05-2024 10:02:11","user_id":"18","user_name":"ramesh"}
error: User try to update details but failed {"timestamp":"May-05-2024 10:02:11"}
info: User Details Updated:  {"address":"chennai123","contact_no":"2222222222","gender":"MALE","timestamp":"May-05-2024 10:03:16","user_id":"18","user_name":"ramesh"}
error: User try to update details but failed {"timestamp":"May-05-2024 10:03:16"}
info: Login successfully. User Name : sushanth {"timestamp":"May-05-2024 10:32:59"}
info: User Id : 1 tried to see future bookings {"timestamp":"May-05-2024 10:34:05"}
info: User Id : 5 tried to see future bookings {"0":{"booking_id":8,"booking_status":"BOOKED","checkin_date":"2025-04-20","checkout_date":"2025-04-25","hotel_id":1,"no_rooms":2,"total_booking_amount":1500,"user_id":5},"1":{"booking_id":9,"booking_status":"REFUND_PENDING","checkin_date":"2025-04-20","checkout_date":"2025-04-25","hotel_id":1,"no_rooms":2,"total_booking_amount":1500,"user_id":5},"timestamp":"May-05-2024 10:34:21"}
info: User Id : f tried to see future bookings {"timestamp":"May-05-2024 10:34:38"}
info: User Id : 5 tried to see future bookings {"0":{"booking_id":8,"booking_status":"BOOKED","checkin_date":"2025-04-20","checkout_date":"2025-04-25","hotel_id":1,"no_rooms":2,"total_booking_amount":1500,"user_id":5},"1":{"booking_id":9,"booking_status":"REFUND_PENDING","checkin_date":"2025-04-20","checkout_date":"2025-04-25","hotel_id":1,"no_rooms":2,"total_booking_amount":1500,"user_id":5},"timestamp":"May-05-2024 10:34:45"}
info: User Id : 1 tried to see future bookings {"timestamp":"May-05-2024 10:38:06"}
info: User Id : 5 tried to see future bookings {"0":{"booking_id":8,"booking_status":"BOOKED","checkin_date":"2025-04-20","checkout_date":"2025-04-25","hotel_id":1,"no_rooms":2,"total_booking_amount":1500,"user_id":5},"1":{"booking_id":9,"booking_status":"REFUND_PENDING","checkin_date":"2025-04-20","checkout_date":"2025-04-25","hotel_id":1,"no_rooms":2,"total_booking_amount":1500,"user_id":5},"timestamp":"May-05-2024 10:43:10"}
info: User Id : 5 tried to see future bookings {"0":{"booking_id":8,"booking_status":"BOOKED","checkin_date":"2025-04-20","checkout_date":"2025-04-25","hotel_id":1,"no_rooms":2,"total_booking_amount":1500,"user_id":5},"1":{"booking_id":9,"booking_status":"REFUND_PENDING","checkin_date":"2025-04-20","checkout_date":"2025-04-25","hotel_id":1,"no_rooms":2,"total_booking_amount":1500,"user_id":5},"timestamp":"May-05-2024 10:48:40"}
