2024-05-06T09:56:53.925Z [user-service] error:  updateUserDetail-> $USER_ID=[undefined] : unauthorized access
2024-05-06T10:15:49.045Z [user-service] info: userRegister -> $USER_EMAIL=[sushanth123@gmail.com] : new user registered
2024-05-06T10:17:17.073Z [user-service] error: userRegister -> $USER_EMAIL=[sushanth123@gmail.com] : Couldnot add new user to database 
2024-05-06T10:19:33.028Z [user-service] error: userRegister -> $USER_EMAIL=[sushanth123@gmail.com] : Couldnot add new user to database 
2024-05-06T10:27:25.493Z [user-service] error: userRegister -> $USER_EMAIL=[sushanth123@gmail.com] : Couldnot add new user to database 
2024-05-06T10:31:36.210Z [user-service] error: userRegister -> $USER_EMAIL=[sushanth123@gmail.com] : Couldnot add new user to database 
2024-05-06T10:38:36.191Z [user-service] error: userLogin -> $USER_EMAIL=[sushanth123@gmail.com] : Token error
2024-05-06T10:41:37.368Z [user-service] error: userLogin -> $USER_EMAIL=[sushanth123@gmail.com] : Token error
2024-05-06T10:43:35.775Z [user-service] info: userLogin -> $user_EMAIL=[sushanth123@gmail.com] : user logged In Successfully
2024-05-06T10:48:49.307Z [user-service] info: userLogin -> $user_EMAIL=[sushanth123@gmail.com] : user logged In Successfully
2024-05-06T10:48:53.251Z [user-service] error: userLogin -> $USER_EMAIL=[sushanth123@gmail.com] : Invalid user credentials
2024-05-06T10:55:28.035Z [user-service] error: userRegister -> $USER_EMAIL=[sushanth123@gmail.com] : Couldnot add new user to database 
2024-05-06T10:55:28.179Z [user-service] info: userLogin -> $user_EMAIL=[sushanth123@gmail.com] : user logged In Successfully
2024-05-06T10:55:28.238Z [user-service] error: userLogin -> $USER_EMAIL=[sushanth123@gmail.com] : Invalid user credentials
2024-05-06T11:06:53.284Z [user-service] error:  userLogout-> $USER_ID=[2] : unauthorized access
2024-05-06T11:13:38.333Z [user-service] error:  userLogout-> $USER_ID=[2] : unauthorized access
2024-05-06T11:17:15.490Z [user-service] info: userLogout -> $USER_ID=[2] : user logged Out successfully
2024-05-06T11:37:09.984Z [user-service] error: userRegister -> $USER_EMAIL=[sushanth123@gmail.com] : Couldnot add new user to database 
2024-05-06T11:37:10.460Z [user-service] info: userLogin -> $user_EMAIL=[sushanth123@gmail.com] : user logged In Successfully
2024-05-06T11:37:10.657Z [user-service] error: userLogin -> $USER_EMAIL=[sushanth123@gmail.com] : Invalid user credentials
2024-05-06T11:37:10.690Z [user-service] info: userLogout -> $USER_ID=[undefined] : user logged Out successfully
2024-05-06T11:45:38.063Z [user-service] info: userLogin -> $user_EMAIL=[sushanth123@gmail.com] : user logged In Successfully
2024-05-06T11:48:42.365Z [user-service] info: userLogin -> $user_EMAIL=[sushanth123@gmail.com] : user logged In Successfully
2024-05-06T11:51:44.510Z [user-service] error:  updateUserDetail-> $USER_ID=[2] : unauthorized access
2024-05-06T11:57:31.087Z [user-service] info: updateUserDetail -> $USER_ID=[2] : user updated
2024-05-06T11:58:06.220Z [user-service] error: updateUserDetail -> $USER_ID=[2] : Couldnot update user in database 
2024-05-06T12:06:59.367Z [user-service] info: updateUserDetail -> $USER_ID=[2] : user updated
2024-05-06T12:07:24.738Z [user-service] error: userRegister -> $USER_EMAIL=[sushanth123@gmail.com] : Couldnot add new user to database 
2024-05-06T12:07:25.070Z [user-service] info: userLogin -> $user_EMAIL=[sushanth123@gmail.com] : user logged In Successfully
2024-05-06T12:07:25.235Z [user-service] error: userLogin -> $USER_EMAIL=[sushanth123@gmail.com] : Invalid user credentials
2024-05-06T12:07:25.259Z [user-service] info: userLogout -> $USER_ID=[undefined] : user logged Out successfully
2024-05-06T12:07:25.291Z [user-service] info: updateUserDetail -> $USER_ID=[2] : user updated
2024-05-06T12:07:25.367Z [user-service] error: updateUserDetail -> $USER_ID=[2] : Couldnot update user in database 
2024-05-06T12:11:26.770Z [user-service] error:  updateUserDetail-> $USER_ID=[2] : unauthorized access
2024-05-06T12:12:14.532Z [user-service] error:  updateUserDetail-> $USER_ID=[2] : unauthorized access
2024-05-06T12:12:35.796Z [user-service] info: getPastBooking -> $USER_ID=[2] : fetched past booking successfully
2024-05-06T12:12:59.801Z [user-service] info: getPastBooking -> $USER_ID=[2] : fetched past booking successfully
2024-05-06T12:19:04.062Z [user-service] error: userRegister -> $USER_EMAIL=[sushanth123@gmail.com] : Couldnot add new user to database 
2024-05-06T12:19:04.378Z [user-service] info: userLogin -> $user_EMAIL=[sushanth123@gmail.com] : user logged In Successfully
2024-05-06T12:19:04.534Z [user-service] error: userLogin -> $USER_EMAIL=[sushanth123@gmail.com] : Invalid user credentials
2024-05-06T12:19:04.572Z [user-service] info: userLogout -> $USER_ID=[undefined] : user logged Out successfully
2024-05-06T12:19:04.610Z [user-service] info: updateUserDetail -> $USER_ID=[2] : user updated
2024-05-06T12:19:04.655Z [user-service] error: updateUserDetail -> $USER_ID=[2] : Couldnot update user in database 
2024-05-06T12:19:04.728Z [user-service] info: getPastBooking -> $USER_ID=[2] : fetched past booking successfully
2024-05-06T12:19:37.558Z [user-service] info: getPastBooking -> $USER_ID=[2] : fetched past booking successfully
2024-05-06T12:22:21.281Z [user-service] error: userRegister -> $USER_EMAIL=[sushanth123@gmail.com] : Couldnot add new user to database 
2024-05-06T12:22:21.493Z [user-service] info: userLogin -> $user_EMAIL=[sushanth123@gmail.com] : user logged In Successfully
2024-05-06T12:22:21.661Z [user-service] error: userLogin -> $USER_EMAIL=[sushanth123@gmail.com] : Invalid user credentials
2024-05-06T12:22:21.686Z [user-service] info: userLogout -> $USER_ID=[undefined] : user logged Out successfully
2024-05-06T12:22:21.719Z [user-service] info: updateUserDetail -> $USER_ID=[2] : user updated
2024-05-06T12:22:21.744Z [user-service] error: updateUserDetail -> $USER_ID=[2] : Couldnot update user in database 
2024-05-06T12:22:21.773Z [user-service] info: getPastBooking -> $USER_ID=[2] : fetched past booking successfully
2024-05-06T12:23:53.565Z [user-service] info: getPastBooking -> $USER_ID=[2] : fetched past booking successfully
2024-05-06T12:34:02.513Z [user-service] info: addReviewToHotel -> $USER_ID=[2] : Added review to database
2024-05-06T12:34:14.195Z [user-service] error:  addReviewToHotel-> $USER_ID=[2] : Couldnot add review to database
2024-05-06T12:41:06.960Z [user-service] error: userRegister -> $USER_EMAIL=[sushanth123@gmail.com] : Couldnot add new user to database 
2024-05-06T12:41:07.100Z [user-service] info: userLogin -> $user_EMAIL=[sushanth123@gmail.com] : user logged In Successfully
2024-05-06T12:41:07.164Z [user-service] error: userLogin -> $USER_EMAIL=[sushanth123@gmail.com] : Invalid user credentials
2024-05-06T12:41:07.178Z [user-service] info: userLogout -> $USER_ID=[undefined] : user logged Out successfully
2024-05-06T12:41:07.194Z [user-service] info: updateUserDetail -> $USER_ID=[2] : user updated
2024-05-06T12:41:07.204Z [user-service] error: updateUserDetail -> $USER_ID=[2] : Couldnot update user in database 
2024-05-06T12:41:07.228Z [user-service] info: getPastBooking -> $USER_ID=[2] : fetched past booking successfully
2024-05-06T12:41:07.259Z [user-service] info: addReviewToHotel -> $USER_ID=[2] : Added review to database
2024-05-06T12:41:26.407Z [user-service] error: userRegister -> $USER_EMAIL=[sushanth123@gmail.com] : Couldnot add new user to database 
2024-05-06T12:41:26.521Z [user-service] info: userLogin -> $user_EMAIL=[sushanth123@gmail.com] : user logged In Successfully
2024-05-06T12:41:26.584Z [user-service] error: userLogin -> $USER_EMAIL=[sushanth123@gmail.com] : Invalid user credentials
2024-05-06T12:41:26.598Z [user-service] info: userLogout -> $USER_ID=[undefined] : user logged Out successfully
2024-05-06T12:41:26.615Z [user-service] info: updateUserDetail -> $USER_ID=[2] : user updated
2024-05-06T12:41:26.627Z [user-service] error: updateUserDetail -> $USER_ID=[2] : Couldnot update user in database 
2024-05-06T12:41:26.641Z [user-service] info: getPastBooking -> $USER_ID=[2] : fetched past booking successfully
2024-05-06T12:41:26.672Z [user-service] error:  addReviewToHotel-> $USER_ID=[2] : Couldnot add review to database
2024-05-06T12:45:06.997Z [user-service] info: getCurrentBooking -> $USER_ID=[2] : fetched current booking successfully
2024-05-06T12:46:44.107Z [user-service] info: getCurrentBooking -> $USER_ID=[2] : fetched current booking successfully
2024-05-06T12:46:49.126Z [user-service] info: getCurrentBooking -> $USER_ID=[2] : fetched current booking successfully
2024-05-06T12:52:12.347Z [user-service] error: userRegister -> $USER_EMAIL=[sushanth123@gmail.com] : Couldnot add new user to database 
2024-05-06T12:52:12.503Z [user-service] info: userLogin -> $user_EMAIL=[sushanth123@gmail.com] : user logged In Successfully
2024-05-06T12:52:12.564Z [user-service] error: userLogin -> $USER_EMAIL=[sushanth123@gmail.com] : Invalid user credentials
2024-05-06T12:52:12.601Z [user-service] info: userLogout -> $USER_ID=[undefined] : user logged Out successfully
2024-05-06T12:52:12.615Z [user-service] info: updateUserDetail -> $USER_ID=[2] : user updated
2024-05-06T12:52:12.626Z [user-service] error: updateUserDetail -> $USER_ID=[2] : Couldnot update user in database 
2024-05-06T12:52:12.637Z [user-service] info: getPastBooking -> $USER_ID=[2] : fetched past booking successfully
2024-05-06T12:52:12.657Z [user-service] error:  addReviewToHotel-> $USER_ID=[2] : Couldnot add review to database
2024-05-06T12:53:25.116Z [user-service] error: userRegister -> $USER_EMAIL=[sushanth123@gmail.com] : Couldnot add new user to database 
2024-05-06T12:53:25.276Z [user-service] info: userLogin -> $user_EMAIL=[sushanth123@gmail.com] : user logged In Successfully
2024-05-06T12:53:25.345Z [user-service] error: userLogin -> $USER_EMAIL=[sushanth123@gmail.com] : Invalid user credentials
2024-05-06T12:53:25.359Z [user-service] info: userLogout -> $USER_ID=[undefined] : user logged Out successfully
2024-05-06T12:53:25.377Z [user-service] info: updateUserDetail -> $USER_ID=[2] : user updated
2024-05-06T12:53:25.407Z [user-service] error: updateUserDetail -> $USER_ID=[2] : Couldnot update user in database 
2024-05-06T12:53:25.436Z [user-service] info: getPastBooking -> $USER_ID=[2] : fetched past booking successfully
2024-05-06T12:53:25.520Z [user-service] error:  addReviewToHotel-> $USER_ID=[2] : Couldnot add review to database
2024-05-06T12:53:25.534Z [user-service] info: getCurrentBooking -> $USER_ID=[2] : fetched current booking successfully
2024-05-06T12:57:29.375Z [user-service] info: cancelBookingByBookingID -> $USER_ID=[2] : updated booking status 
2024-05-06T12:57:52.291Z [user-service] info: cancelBookingByBookingID -> $USER_ID=[2] : updated booking status 
2024-05-06T12:58:02.140Z [user-service] error:  cancelBookingByBookingID-> $USER_ID=[2] : couldnot update status of booking
2024-05-06T12:58:34.787Z [user-service] info: cancelBookingByBookingID -> $USER_ID=[2] : updated booking status 
2024-05-06T13:03:45.155Z [user-service] error: userRegister -> $USER_EMAIL=[sushanth123@gmail.com] : Couldnot add new user to database 
2024-05-06T13:03:45.280Z [user-service] info: userLogin -> $user_EMAIL=[sushanth123@gmail.com] : user logged In Successfully
2024-05-06T13:03:45.343Z [user-service] error: userLogin -> $USER_EMAIL=[sushanth123@gmail.com] : Invalid user credentials
2024-05-06T13:03:45.358Z [user-service] info: userLogout -> $USER_ID=[undefined] : user logged Out successfully
2024-05-06T13:03:45.373Z [user-service] info: updateUserDetail -> $USER_ID=[2] : user updated
2024-05-06T13:03:45.383Z [user-service] error: updateUserDetail -> $USER_ID=[2] : Couldnot update user in database 
2024-05-06T13:03:45.395Z [user-service] info: getPastBooking -> $USER_ID=[2] : fetched past booking successfully
2024-05-06T13:03:45.537Z [user-service] error:  addReviewToHotel-> $USER_ID=[2] : Couldnot add review to database
2024-05-06T13:03:45.604Z [user-service] info: getCurrentBooking -> $USER_ID=[2] : fetched current booking successfully
2024-05-06T13:03:45.622Z [user-service] info: cancelBookingByBookingID -> $USER_ID=[2] : updated booking status 
2024-05-06T13:03:45.632Z [user-service] error:  cancelBookingByBookingID-> $USER_ID=[2] : couldnot update status of booking
2024-05-06T13:30:26.568Z [user-service] error:  userLogout-> $USER_ID=[2] : unauthorized access
2024-05-06T13:30:43.426Z [user-service] error:  userLogout-> $USER_ID=[2] : unauthorized access
2024-05-06T13:35:40.712Z [user-service] info: userLogout -> $USER_ID=[2] : user logged Out successfully
2024-05-06T13:43:03.168Z [user-service] info: userRegister -> $USER_EMAIL=[sushanth1234@gmail.com] : new user registered
2024-05-06T13:43:26.065Z [user-service] info: userLogin -> $user_EMAIL=[sushanth123@gmail.com] : user logged In Successfully
2024-05-06T13:43:55.006Z [user-service] info: userLogout -> $USER_ID=[2] : user logged Out successfully
2024-05-06T13:44:04.326Z [user-service] info: userLogin -> $user_EMAIL=[sushanth123@gmail.com] : user logged In Successfully
2024-05-06T13:49:46.553Z [user-service] info: updateUserDetail -> $USER_ID=[2] : user updated
2024-05-06T14:01:53.236Z [user-service] error:  updateUserDetail-> $USER_ID=[2] : unauthorized access
2024-05-06T14:02:12.271Z [user-service] info: userLogin -> $user_EMAIL=[sushanth123@gmail.com] : user logged In Successfully
2024-05-06T14:02:16.268Z [user-service] info: userLogout -> $USER_ID=[2] : user logged Out successfully
2024-05-06T14:02:57.840Z [user-service] info: userLogin -> $user_EMAIL=[sushanth123@gmail.com] : user logged In Successfully
2024-05-06T14:03:02.018Z [user-service] error:  updateUserDetail-> $USER_ID=[2] : unauthorized access
