2024-05-06T09:56:53.925Z [user-service] error:  updateUserDetail-> $USER_ID=[undefined] : unauthorized access
2024-05-06T10:17:17.073Z [user-service] error: userRegister -> $USER_EMAIL=[sushanth123@gmail.com] : Couldnot add new user to database 
2024-05-06T10:19:33.028Z [user-service] error: userRegister -> $USER_EMAIL=[sushanth123@gmail.com] : Couldnot add new user to database 
2024-05-06T10:27:25.493Z [user-service] error: userRegister -> $USER_EMAIL=[sushanth123@gmail.com] : Couldnot add new user to database 
2024-05-06T10:31:36.210Z [user-service] error: userRegister -> $USER_EMAIL=[sushanth123@gmail.com] : Couldnot add new user to database 
2024-05-06T10:38:36.191Z [user-service] error: userLogin -> $USER_EMAIL=[sushanth123@gmail.com] : Token error
2024-05-06T10:41:37.368Z [user-service] error: userLogin -> $USER_EMAIL=[sushanth123@gmail.com] : Token error
2024-05-06T10:48:53.251Z [user-service] error: userLogin -> $USER_EMAIL=[sushanth123@gmail.com] : Invalid user credentials
2024-05-06T10:55:28.035Z [user-service] error: userRegister -> $USER_EMAIL=[sushanth123@gmail.com] : Couldnot add new user to database 
2024-05-06T10:55:28.238Z [user-service] error: userLogin -> $USER_EMAIL=[sushanth123@gmail.com] : Invalid user credentials
2024-05-06T11:06:53.284Z [user-service] error:  userLogout-> $USER_ID=[2] : unauthorized access
2024-05-06T11:13:38.333Z [user-service] error:  userLogout-> $USER_ID=[2] : unauthorized access
2024-05-06T11:37:09.984Z [user-service] error: userRegister -> $USER_EMAIL=[sushanth123@gmail.com] : Couldnot add new user to database 
2024-05-06T11:37:10.657Z [user-service] error: userLogin -> $USER_EMAIL=[sushanth123@gmail.com] : Invalid user credentials
2024-05-06T11:51:44.510Z [user-service] error:  updateUserDetail-> $USER_ID=[2] : unauthorized access
2024-05-06T11:58:06.220Z [user-service] error: updateUserDetail -> $USER_ID=[2] : Couldnot update user in database 
2024-05-06T12:07:24.738Z [user-service] error: userRegister -> $USER_EMAIL=[sushanth123@gmail.com] : Couldnot add new user to database 
2024-05-06T12:07:25.235Z [user-service] error: userLogin -> $USER_EMAIL=[sushanth123@gmail.com] : Invalid user credentials
2024-05-06T12:07:25.367Z [user-service] error: updateUserDetail -> $USER_ID=[2] : Couldnot update user in database 
2024-05-06T12:11:26.770Z [user-service] error:  updateUserDetail-> $USER_ID=[2] : unauthorized access
2024-05-06T12:12:14.532Z [user-service] error:  updateUserDetail-> $USER_ID=[2] : unauthorized access
2024-05-06T12:19:04.062Z [user-service] error: userRegister -> $USER_EMAIL=[sushanth123@gmail.com] : Couldnot add new user to database 
2024-05-06T12:19:04.534Z [user-service] error: userLogin -> $USER_EMAIL=[sushanth123@gmail.com] : Invalid user credentials
2024-05-06T12:19:04.655Z [user-service] error: updateUserDetail -> $USER_ID=[2] : Couldnot update user in database 
2024-05-06T12:22:21.281Z [user-service] error: userRegister -> $USER_EMAIL=[sushanth123@gmail.com] : Couldnot add new user to database 
2024-05-06T12:22:21.661Z [user-service] error: userLogin -> $USER_EMAIL=[sushanth123@gmail.com] : Invalid user credentials
2024-05-06T12:22:21.744Z [user-service] error: updateUserDetail -> $USER_ID=[2] : Couldnot update user in database 
2024-05-06T12:34:14.195Z [user-service] error:  addReviewToHotel-> $USER_ID=[2] : Couldnot add review to database
2024-05-06T12:41:06.960Z [user-service] error: userRegister -> $USER_EMAIL=[sushanth123@gmail.com] : Couldnot add new user to database 
2024-05-06T12:41:07.164Z [user-service] error: userLogin -> $USER_EMAIL=[sushanth123@gmail.com] : Invalid user credentials
2024-05-06T12:41:07.204Z [user-service] error: updateUserDetail -> $USER_ID=[2] : Couldnot update user in database 
2024-05-06T12:41:26.407Z [user-service] error: userRegister -> $USER_EMAIL=[sushanth123@gmail.com] : Couldnot add new user to database 
2024-05-06T12:41:26.584Z [user-service] error: userLogin -> $USER_EMAIL=[sushanth123@gmail.com] : Invalid user credentials
2024-05-06T12:41:26.627Z [user-service] error: updateUserDetail -> $USER_ID=[2] : Couldnot update user in database 
2024-05-06T12:41:26.672Z [user-service] error:  addReviewToHotel-> $USER_ID=[2] : Couldnot add review to database
2024-05-06T12:52:12.347Z [user-service] error: userRegister -> $USER_EMAIL=[sushanth123@gmail.com] : Couldnot add new user to database 
2024-05-06T12:52:12.564Z [user-service] error: userLogin -> $USER_EMAIL=[sushanth123@gmail.com] : Invalid user credentials
2024-05-06T12:52:12.626Z [user-service] error: updateUserDetail -> $USER_ID=[2] : Couldnot update user in database 
2024-05-06T12:52:12.657Z [user-service] error:  addReviewToHotel-> $USER_ID=[2] : Couldnot add review to database
2024-05-06T12:53:25.116Z [user-service] error: userRegister -> $USER_EMAIL=[sushanth123@gmail.com] : Couldnot add new user to database 
2024-05-06T12:53:25.345Z [user-service] error: userLogin -> $USER_EMAIL=[sushanth123@gmail.com] : Invalid user credentials
2024-05-06T12:53:25.407Z [user-service] error: updateUserDetail -> $USER_ID=[2] : Couldnot update user in database 
2024-05-06T12:53:25.520Z [user-service] error:  addReviewToHotel-> $USER_ID=[2] : Couldnot add review to database
2024-05-06T12:58:02.140Z [user-service] error:  cancelBookingByBookingID-> $USER_ID=[2] : couldnot update status of booking
2024-05-06T13:03:45.155Z [user-service] error: userRegister -> $USER_EMAIL=[sushanth123@gmail.com] : Couldnot add new user to database 
2024-05-06T13:03:45.343Z [user-service] error: userLogin -> $USER_EMAIL=[sushanth123@gmail.com] : Invalid user credentials
2024-05-06T13:03:45.383Z [user-service] error: updateUserDetail -> $USER_ID=[2] : Couldnot update user in database 
2024-05-06T13:03:45.537Z [user-service] error:  addReviewToHotel-> $USER_ID=[2] : Couldnot add review to database
2024-05-06T13:03:45.632Z [user-service] error:  cancelBookingByBookingID-> $USER_ID=[2] : couldnot update status of booking
2024-05-06T13:30:26.568Z [user-service] error:  userLogout-> $USER_ID=[2] : unauthorized access
2024-05-06T13:30:43.426Z [user-service] error:  userLogout-> $USER_ID=[2] : unauthorized access
2024-05-06T14:01:53.236Z [user-service] error:  updateUserDetail-> $USER_ID=[2] : unauthorized access
2024-05-06T14:03:02.018Z [user-service] error:  updateUserDetail-> $USER_ID=[2] : unauthorized access
